>> module openmpi/4.0.2 loaded
>> module boost/1.73 loaded
>> module gmp/6.2.0 loaded
>> module gcc/8.4.0 loaded
>> module gmp/6.2.0 loaded
>> module mpfr/4.1.0 loaded
>> module gcc/8.4.0 loaded
rm: cannot remove ‘third’: No such file or directory
In file included from /opt/hpcc/CPU/boost/1.73/include/boost/mpi/allocator.hpp:15,
                 from /opt/hpcc/CPU/boost/1.73/include/boost/mpi.hpp:22,
                 from third.cpp:8:
/opt/hpcc/CPU/boost/1.73/include/boost/mpi/config.hpp:127: warning: "OMPI_BUILD_CXX_BINDINGS" redefined
 #define OMPI_BUILD_CXX_BINDINGS 1
 
In file included from /opt/hpcc/CPU/boost/1.73/include/boost/mpi/config.hpp:20,
                 from /opt/hpcc/CPU/boost/1.73/include/boost/mpi/allocator.hpp:15,
                 from /opt/hpcc/CPU/boost/1.73/include/boost/mpi.hpp:22,
                 from third.cpp:8:
/opt/hpcc/CPU/openmpi/4.0.2/include/mpi.h:172: note: this is the location of the previous definition
 #define OMPI_BUILD_CXX_BINDINGS 0
 
third.cpp: In function ‘int main()’:
third.cpp:251:30: error: overloaded function with no contextual type information
         for (k =0; k < index.size()  ; ++k)
                              ^~~~
third.cpp:253:20: error: no matching function for call to ‘index(int&)’
             index(k) = world.rank() + ( num_process )*k;
                    ^
In file included from /opt/hpcc/CPU/boost/1.73/include/boost/range/detail/implementation_help.hpp:18,
                 from /opt/hpcc/CPU/boost/1.73/include/boost/range/end.hpp:24,
                 from /opt/hpcc/CPU/boost/1.73/include/boost/range/functions.hpp:19,
                 from /opt/hpcc/CPU/boost/1.73/include/boost/range/iterator_range_core.hpp:38,
                 from /opt/hpcc/CPU/boost/1.73/include/boost/lexical_cast.hpp:30,
                 from third.cpp:2:
/usr/include/string.h:472:1: note: candidate: ‘char* index(char*, int)’
 index (char *__s, int __c) __THROW
 ^~~~~
/usr/include/string.h:472:1: note:   candidate expects 2 arguments, 1 provided
/usr/include/string.h:478:1: note: candidate: ‘const char* index(const char*, int)’
 index (const char *__s, int __c) __THROW
 ^~~~~
/usr/include/string.h:478:1: note:   candidate expects 2 arguments, 1 provided
third.cpp:257:40: error: overloaded function with no contextual type information
         vector<realtype> third1( index.size() );
                                        ^~~~
third.cpp:259:36: error: overloaded function with no contextual type information
         for ( int k = 0; k < index.size(); ++k )
                                    ^~~~
third.cpp:261:44: error: no matching function for call to ‘index(int&)’
             for( int l = 0; l < d - index(k); ++l )
                                            ^
In file included from /opt/hpcc/CPU/boost/1.73/include/boost/range/detail/implementation_help.hpp:18,
                 from /opt/hpcc/CPU/boost/1.73/include/boost/range/end.hpp:24,
                 from /opt/hpcc/CPU/boost/1.73/include/boost/range/functions.hpp:19,
                 from /opt/hpcc/CPU/boost/1.73/include/boost/range/iterator_range_core.hpp:38,
                 from /opt/hpcc/CPU/boost/1.73/include/boost/lexical_cast.hpp:30,
                 from third.cpp:2:
/usr/include/string.h:472:1: note: candidate: ‘char* index(char*, int)’
 index (char *__s, int __c) __THROW
 ^~~~~
/usr/include/string.h:472:1: note:   candidate expects 2 arguments, 1 provided
/usr/include/string.h:478:1: note: candidate: ‘const char* index(const char*, int)’
 index (const char *__s, int __c) __THROW
 ^~~~~
/usr/include/string.h:478:1: note:   candidate expects 2 arguments, 1 provided
third.cpp:263:43: error: no matching function for call to ‘index(int&)’
                 term(l) =  factor2(index(k) + l )*factor1(l);
                                           ^
In file included from /opt/hpcc/CPU/boost/1.73/include/boost/range/detail/implementation_help.hpp:18,
                 from /opt/hpcc/CPU/boost/1.73/include/boost/range/end.hpp:24,
                 from /opt/hpcc/CPU/boost/1.73/include/boost/range/functions.hpp:19,
                 from /opt/hpcc/CPU/boost/1.73/include/boost/range/iterator_range_core.hpp:38,
                 from /opt/hpcc/CPU/boost/1.73/include/boost/lexical_cast.hpp:30,
                 from third.cpp:2:
/usr/include/string.h:472:1: note: candidate: ‘char* index(char*, int)’
 index (char *__s, int __c) __THROW
 ^~~~~
/usr/include/string.h:472:1: note:   candidate expects 2 arguments, 1 provided
/usr/include/string.h:478:1: note: candidate: ‘const char* index(const char*, int)’
 index (const char *__s, int __c) __THROW
 ^~~~~
/usr/include/string.h:478:1: note:   candidate expects 2 arguments, 1 provided
third.cpp:266:42: error: no matching function for call to ‘index(int&)’
             for( int m = 0; m < d-index(k); ++m)
                                          ^
In file included from /opt/hpcc/CPU/boost/1.73/include/boost/range/detail/implementation_help.hpp:18,
                 from /opt/hpcc/CPU/boost/1.73/include/boost/range/end.hpp:24,
                 from /opt/hpcc/CPU/boost/1.73/include/boost/range/functions.hpp:19,
                 from /opt/hpcc/CPU/boost/1.73/include/boost/range/iterator_range_core.hpp:38,
                 from /opt/hpcc/CPU/boost/1.73/include/boost/lexical_cast.hpp:30,
                 from third.cpp:2:
/usr/include/string.h:472:1: note: candidate: ‘char* index(char*, int)’
 index (char *__s, int __c) __THROW
 ^~~~~
/usr/include/string.h:472:1: note:   candidate expects 2 arguments, 1 provided
/usr/include/string.h:478:1: note: candidate: ‘const char* index(const char*, int)’
 index (const char *__s, int __c) __THROW
 ^~~~~
/usr/include/string.h:478:1: note:   candidate expects 2 arguments, 1 provided
third.cpp:271:76: error: no matching function for call to ‘index(int&)’
             third1( k )  = inner_prod( project ( constants, range ( index(k) + 1, d+1 ) ), project( term1, range(0, d - index(k) ) ) );
                                                                            ^
In file included from /opt/hpcc/CPU/boost/1.73/include/boost/range/detail/implementation_help.hpp:18,
                 from /opt/hpcc/CPU/boost/1.73/include/boost/range/end.hpp:24,
                 from /opt/hpcc/CPU/boost/1.73/include/boost/range/functions.hpp:19,
                 from /opt/hpcc/CPU/boost/1.73/include/boost/range/iterator_range_core.hpp:38,
                 from /opt/hpcc/CPU/boost/1.73/include/boost/lexical_cast.hpp:30,
                 from third.cpp:2:
/usr/include/string.h:472:1: note: candidate: ‘char* index(char*, int)’
 index (char *__s, int __c) __THROW
 ^~~~~
/usr/include/string.h:472:1: note:   candidate expects 2 arguments, 1 provided
/usr/include/string.h:478:1: note: candidate: ‘const char* index(const char*, int)’
 index (const char *__s, int __c) __THROW
 ^~~~~
/usr/include/string.h:478:1: note:   candidate expects 2 arguments, 1 provided
third.cpp:271:128: error: no matching function for call to ‘index(int&)’
             third1( k )  = inner_prod( project ( constants, range ( index(k) + 1, d+1 ) ), project( term1, range(0, d - index(k) ) ) );
                                                                                                                                ^
In file included from /opt/hpcc/CPU/boost/1.73/include/boost/range/detail/implementation_help.hpp:18,
                 from /opt/hpcc/CPU/boost/1.73/include/boost/range/end.hpp:24,
                 from /opt/hpcc/CPU/boost/1.73/include/boost/range/functions.hpp:19,
                 from /opt/hpcc/CPU/boost/1.73/include/boost/range/iterator_range_core.hpp:38,
                 from /opt/hpcc/CPU/boost/1.73/include/boost/lexical_cast.hpp:30,
                 from third.cpp:2:
/usr/include/string.h:472:1: note: candidate: ‘char* index(char*, int)’
 index (char *__s, int __c) __THROW
 ^~~~~
/usr/include/string.h:472:1: note:   candidate expects 2 arguments, 1 provided
/usr/include/string.h:478:1: note: candidate: ‘const char* index(const char*, int)’
 index (const char *__s, int __c) __THROW
 ^~~~~
/usr/include/string.h:478:1: note:   candidate expects 2 arguments, 1 provided
third.cpp:276:35: error: no matching function for call to ‘boost::mpi::communicator::send(int, int, <unresolved overloaded function type>)’
         world.send( 0 ,16 , index ); // send the indices
                                   ^
In file included from /opt/hpcc/CPU/boost/1.73/include/boost/mpi/collectives.hpp:21,
                 from /opt/hpcc/CPU/boost/1.73/include/boost/mpi.hpp:23,
                 from third.cpp:8:
/opt/hpcc/CPU/boost/1.73/include/boost/mpi/communicator.hpp:1318:6: note: candidate: ‘template<class T> void boost::mpi::communicator::send(int, int, const T&) const’
 void communicator::send(int dest, int tag, const T& value) const
      ^~~~~~~~~~~~
/opt/hpcc/CPU/boost/1.73/include/boost/mpi/communicator.hpp:1318:6: note:   template argument deduction/substitution failed:
third.cpp:276:35: note:   couldn't deduce template parameter ‘T’
         world.send( 0 ,16 , index ); // send the indices
                                   ^
In file included from /opt/hpcc/CPU/boost/1.73/include/boost/mpi/collectives.hpp:21,
                 from /opt/hpcc/CPU/boost/1.73/include/boost/mpi.hpp:23,
                 from third.cpp:8:
/opt/hpcc/CPU/boost/1.73/include/boost/mpi/communicator.hpp:292:8: note: candidate: ‘template<class T, class A> void boost::mpi::communicator::send(int, int, const std::vector<_Tp, _Alloc>&) const’
   void send(int dest, int tag, const std::vector<T,A>& value) const;
        ^~~~
/opt/hpcc/CPU/boost/1.73/include/boost/mpi/communicator.hpp:292:8: note:   template argument deduction/substitution failed:
third.cpp:276:35: note:   mismatched types ‘const std::vector<_Tp, _Alloc>’ and ‘const char*(const char*, int) throw ()’ {aka ‘const char*(const char*, int)’}
         world.send( 0 ,16 , index ); // send the indices
                                   ^
third.cpp:276:35: note:   mismatched types ‘const std::vector<_Tp, _Alloc>’ and ‘char*(char*, int) throw ()’ {aka ‘char*(char*, int)’}
third.cpp:276:35: note:   couldn't deduce template parameter ‘T’
In file included from /opt/hpcc/CPU/boost/1.73/include/boost/mpi/collectives.hpp:21,
                 from /opt/hpcc/CPU/boost/1.73/include/boost/mpi.hpp:23,
                 from third.cpp:8:
/opt/hpcc/CPU/boost/1.73/include/boost/mpi/communicator.hpp:323:8: note: candidate: ‘template<class T> void boost::mpi::communicator::send(int, int, const boost::mpi::skeleton_proxy<T>&) const’
   void send(int dest, int tag, const skeleton_proxy<T>& proxy) const;
        ^~~~
/opt/hpcc/CPU/boost/1.73/include/boost/mpi/communicator.hpp:323:8: note:   template argument deduction/substitution failed:
third.cpp:276:35: note:   mismatched types ‘const boost::mpi::skeleton_proxy<T>’ and ‘const char*(const char*, int) throw ()’ {aka ‘const char*(const char*, int)’}
         world.send( 0 ,16 , index ); // send the indices
                                   ^
third.cpp:276:35: note:   mismatched types ‘const boost::mpi::skeleton_proxy<T>’ and ‘char*(char*, int) throw ()’ {aka ‘char*(char*, int)’}
third.cpp:276:35: note:   couldn't deduce template parameter ‘T’
In file included from /opt/hpcc/CPU/boost/1.73/include/boost/mpi/collectives.hpp:21,
                 from /opt/hpcc/CPU/boost/1.73/include/boost/mpi.hpp:23,
                 from third.cpp:8:
/opt/hpcc/CPU/boost/1.73/include/boost/mpi/communicator.hpp:353:8: note: candidate: ‘template<class T> void boost::mpi::communicator::send(int, int, const T*, int) const’
   void send(int dest, int tag, const T* values, int n) const;
        ^~~~
/opt/hpcc/CPU/boost/1.73/include/boost/mpi/communicator.hpp:353:8: note:   template argument deduction/substitution failed:
third.cpp:276:35: note:   types ‘const T’ and ‘const char*(const char*, int) throw ()’ {aka ‘const char*(const char*, int)’} have incompatible cv-qualifiers
         world.send( 0 ,16 , index ); // send the indices
                                   ^
third.cpp:276:35: note:   types ‘const T’ and ‘char*(char*, int) throw ()’ {aka ‘char*(char*, int)’} have incompatible cv-qualifiers
third.cpp:276:35: note:   candidate expects 4 arguments, 3 provided
In file included from /opt/hpcc/CPU/boost/1.73/include/boost/mpi/collectives.hpp:21,
                 from /opt/hpcc/CPU/boost/1.73/include/boost/mpi.hpp:23,
                 from third.cpp:8:
/opt/hpcc/CPU/boost/1.73/include/boost/mpi/communicator.hpp:370:8: note: candidate: ‘void boost::mpi::communicator::send(int, int) const’
   void send(int dest, int tag) const;
        ^~~~
/opt/hpcc/CPU/boost/1.73/include/boost/mpi/communicator.hpp:370:8: note:   candidate expects 2 arguments, 3 provided
third.cpp: At global scope:
third.cpp:281:5: error: expected unqualified-id before ‘if’
     if ( world.rank() > LO - 1 && world.rank() != 0 ) // processes assigned with only share number of indices except 0
     ^~
third.cpp:314:5: error: expected unqualified-id before ‘return’
     return 0;
     ^~~~~~
third.cpp:316:1: error: expected declaration before ‘}’ token
 }
 ^
